<?xml version="1.0" encoding="UTF-8"?>
<!-- Generated by org.testng.reporters.JUnitXMLReporter -->
<testsuite ignored="0" hostname="Mosu-PC" failures="0" tests="3" name="Default test" time="0.303" errors="0" timestamp="2022-09-01T16:22:35 IST">
  <testcase classname="trainingTestNG.DemoAnnotation1" name="testRegistration" time="0.024"/>
  <testcase classname="trainingTestNG.DemoAnnotation1" name="TestLogin" time="0.015"/>
  <testcase classname="trainingTestNG.DemoAnnotation1" name="TestHomepage" time="0.015"/>
</testsuite> <!-- Default test -->
