<?xml version="1.0" encoding="UTF-8"?>
<testng-results ignored="0" total="9" passed="9" failed="0" skipped="0">
  <reporter-output>
  </reporter-output>
  <suite started-at="2022-09-01T17:25:06 IST" name="Suite" finished-at="2022-09-01T17:25:07 IST" duration-ms="511">
    <groups>
    </groups>
    <test started-at="2022-09-01T17:25:06 IST" name="Test" finished-at="2022-09-01T17:25:07 IST" duration-ms="511">
      <class name="rpack.ClassTwo">
        <test-method signature="TestTwo()[pri:0, instance:rpack.ClassTwo@4fb0f2b9]" started-at="2022-09-01T17:25:06 IST" name="TestTwo" finished-at="2022-09-01T17:25:06 IST" duration-ms="7" status="PASS">
          <reporter-output>
          </reporter-output>
        </test-method> <!-- TestTwo -->
      </class> <!-- rpack.ClassTwo -->
      <class name="rpack.ClassOne">
        <test-method signature="TestOne()[pri:0, instance:rpack.ClassOne@6356695f]" started-at="2022-09-01T17:25:06 IST" name="TestOne" finished-at="2022-09-01T17:25:06 IST" duration-ms="37" status="PASS">
          <reporter-output>
          </reporter-output>
        </test-method> <!-- TestOne -->
      </class> <!-- rpack.ClassOne -->
      <class name="spack.ClassFive">
        <test-method signature="TestFive()[pri:0, instance:spack.ClassFive@4a94ee4]" started-at="2022-09-01T17:25:06 IST" name="TestFive" finished-at="2022-09-01T17:25:06 IST" duration-ms="12" status="PASS">
          <reporter-output>
          </reporter-output>
        </test-method> <!-- TestFive -->
      </class> <!-- spack.ClassFive -->
      <class name="tPack.ClassSeven">
        <test-method signature="TestEight()[pri:0, instance:tPack.ClassSeven@6379eb]" started-at="2022-09-01T17:25:07 IST" name="TestEight" finished-at="2022-09-01T17:25:07 IST" duration-ms="8" status="PASS">
          <reporter-output>
          </reporter-output>
        </test-method> <!-- TestEight -->
        <test-method signature="TestSeven()[pri:0, instance:tPack.ClassSeven@6379eb]" started-at="2022-09-01T17:25:07 IST" name="TestSeven" finished-at="2022-09-01T17:25:07 IST" duration-ms="6" status="PASS">
          <reporter-output>
          </reporter-output>
        </test-method> <!-- TestSeven -->
      </class> <!-- tPack.ClassSeven -->
      <class name="rpack.ClassThree">
        <test-method signature="TestExe()[pri:0, instance:rpack.ClassThree@79924b]" started-at="2022-09-01T17:25:06 IST" name="TestExe" finished-at="2022-09-01T17:25:06 IST" duration-ms="8" status="PASS">
          <reporter-output>
          </reporter-output>
        </test-method> <!-- TestExe -->
        <test-method signature="TestThree()[pri:0, instance:rpack.ClassThree@79924b]" started-at="2022-09-01T17:25:06 IST" name="TestThree" finished-at="2022-09-01T17:25:06 IST" duration-ms="9" status="PASS">
          <reporter-output>
          </reporter-output>
        </test-method> <!-- TestThree -->
      </class> <!-- rpack.ClassThree -->
      <class name="spack.ClassFour">
        <test-method signature="TestFour()[pri:0, instance:spack.ClassFour@7b9a4292]" started-at="2022-09-01T17:25:06 IST" name="TestFour" finished-at="2022-09-01T17:25:06 IST" duration-ms="18" status="PASS">
          <reporter-output>
          </reporter-output>
        </test-method> <!-- TestFour -->
      </class> <!-- spack.ClassFour -->
      <class name="spack.ClassSix">
        <test-method signature="TestSix()[pri:0, instance:spack.ClassSix@4cc451f2]" started-at="2022-09-01T17:25:06 IST" name="TestSix" finished-at="2022-09-01T17:25:06 IST" duration-ms="4" status="PASS">
          <reporter-output>
          </reporter-output>
        </test-method> <!-- TestSix -->
      </class> <!-- spack.ClassSix -->
    </test> <!-- Test -->
  </suite> <!-- Suite -->
</testng-results>
